2014-02-04 13:54:10 Error: [MissingConnectionException] Database connection "Mysql" is missing, or could not be created.
Exception Attributes: array (
  'class' => 'Mysql',
  'message' => 'SQLSTATE[HY000] [1049] Unknown database \'coisa\'',
  'enabled' => true,
)
Request URL: /coisa/index.php/objetos
Stack Trace:
#0 /opt/lampp/htdocs/coisa/lib/Cake/Model/Datasource/DboSource.php(260): Mysql->connect()
#1 /opt/lampp/htdocs/coisa/lib/Cake/Model/ConnectionManager.php(105): DboSource->__construct(Array)
#2 /opt/lampp/htdocs/coisa/lib/Cake/Model/Model.php(3471): ConnectionManager::getDataSource('default')
#3 /opt/lampp/htdocs/coisa/lib/Cake/Model/Model.php(1126): Model->setDataSource('default')
#4 /opt/lampp/htdocs/coisa/lib/Cake/Model/Model.php(3493): Model->setSource('objeto')
#5 /opt/lampp/htdocs/coisa/lib/Cake/Model/Model.php(2897): Model->getDataSource()
#6 /opt/lampp/htdocs/coisa/lib/Cake/Model/Model.php(2869): Model->_readDataSource('all', Array)
#7 /opt/lampp/htdocs/coisa/app/Controller/ObjetosController.php(20): Model->find('all')
#8 [internal function]: ObjetosController->index()
#9 /opt/lampp/htdocs/coisa/lib/Cake/Controller/Controller.php(490): ReflectionMethod->invokeArgs(Object(ObjetosController), Array)
#10 /opt/lampp/htdocs/coisa/lib/Cake/Routing/Dispatcher.php(185): Controller->invokeAction(Object(CakeRequest))
#11 /opt/lampp/htdocs/coisa/lib/Cake/Routing/Dispatcher.php(160): Dispatcher->_invoke(Object(ObjetosController), Object(CakeRequest), Object(CakeResponse))
#12 /opt/lampp/htdocs/coisa/app/webroot/index.php(108): Dispatcher->dispatch(Object(CakeRequest), Object(CakeResponse))
#13 /opt/lampp/htdocs/coisa/index.php(41): require('/opt/lampp/htdo...')
#14 {main}
2014-02-04 13:54:10 Error: [MissingControllerException] Controller class ImgController could not be found.
Exception Attributes: array (
  'class' => 'ImgController',
  'plugin' => NULL,
)
Request URL: /coisa/index.php/img/img/cake.power.gif
Stack Trace:
#0 /opt/lampp/htdocs/coisa/app/webroot/index.php(108): Dispatcher->dispatch(Object(CakeRequest), Object(CakeResponse))
#1 /opt/lampp/htdocs/coisa/index.php(41): require('/opt/lampp/htdo...')
#2 {main}
2014-02-04 13:54:10 Error: [MissingControllerException] Controller class CssController could not be found.
Exception Attributes: array (
  'class' => 'CssController',
  'plugin' => NULL,
)
Request URL: /coisa/index.php/css/css/cake.generic.css
Stack Trace:
#0 /opt/lampp/htdocs/coisa/app/webroot/index.php(108): Dispatcher->dispatch(Object(CakeRequest), Object(CakeResponse))
#1 /opt/lampp/htdocs/coisa/index.php(41): require('/opt/lampp/htdo...')
#2 {main}
2014-02-04 13:54:10 Error: [MissingControllerException] Controller class ImgController could not be found.
Exception Attributes: array (
  'class' => 'ImgController',
  'plugin' => NULL,
)
Request URL: /coisa/index.php/img/img/cake.power.gif
Stack Trace:
#0 /opt/lampp/htdocs/coisa/app/webroot/index.php(108): Dispatcher->dispatch(Object(CakeRequest), Object(CakeResponse))
#1 /opt/lampp/htdocs/coisa/index.php(41): require('/opt/lampp/htdo...')
#2 {main}
2014-02-04 13:54:10 Error: [MissingControllerException] Controller class FaviconController could not be found.
Exception Attributes: array (
  'class' => 'FaviconController',
  'plugin' => NULL,
)
Request URL: /coisa/index.php/favicon.ico
Stack Trace:
#0 /opt/lampp/htdocs/coisa/app/webroot/index.php(108): Dispatcher->dispatch(Object(CakeRequest), Object(CakeResponse))
#1 /opt/lampp/htdocs/coisa/index.php(41): require('/opt/lampp/htdo...')
#2 {main}
2014-02-04 13:54:34 Error: [MissingViewException] View file "/opt/lampp/htdocs/coisa/app/View/Objetos/index.ctp" is missing.
Exception Attributes: array (
  'file' => '/opt/lampp/htdocs/coisa/app/View/Objetos/index.ctp',
)
Request URL: /coisa/index.php/objetos
Stack Trace:
#0 /opt/lampp/htdocs/coisa/lib/Cake/View/View.php(457): View->_getViewFileName(NULL)
#1 /opt/lampp/htdocs/coisa/lib/Cake/Controller/Controller.php(952): View->render(NULL, NULL)
#2 /opt/lampp/htdocs/coisa/lib/Cake/Routing/Dispatcher.php(192): Controller->render()
#3 /opt/lampp/htdocs/coisa/lib/Cake/Routing/Dispatcher.php(160): Dispatcher->_invoke(Object(ObjetosController), Object(CakeRequest), Object(CakeResponse))
#4 /opt/lampp/htdocs/coisa/app/webroot/index.php(108): Dispatcher->dispatch(Object(CakeRequest), Object(CakeResponse))
#5 /opt/lampp/htdocs/coisa/index.php(41): require('/opt/lampp/htdo...')
#6 {main}
2014-02-04 13:54:34 Error: [MissingControllerException] Controller class CssController could not be found.
Exception Attributes: array (
  'class' => 'CssController',
  'plugin' => NULL,
)
Request URL: /coisa/index.php/css/css/cake.generic.css
Stack Trace:
#0 /opt/lampp/htdocs/coisa/app/webroot/index.php(108): Dispatcher->dispatch(Object(CakeRequest), Object(CakeResponse))
#1 /opt/lampp/htdocs/coisa/index.php(41): require('/opt/lampp/htdo...')
#2 {main}
2014-02-04 13:54:34 Error: [MissingControllerException] Controller class ImgController could not be found.
Exception Attributes: array (
  'class' => 'ImgController',
  'plugin' => NULL,
)
Request URL: /coisa/index.php/img/img/cake.power.gif
Stack Trace:
#0 /opt/lampp/htdocs/coisa/app/webroot/index.php(108): Dispatcher->dispatch(Object(CakeRequest), Object(CakeResponse))
#1 /opt/lampp/htdocs/coisa/index.php(41): require('/opt/lampp/htdo...')
#2 {main}
2014-02-04 13:54:47 Error: [MissingViewException] View file "/opt/lampp/htdocs/coisa/app/View/Objetos/index.ctp" is missing.
Exception Attributes: array (
  'file' => '/opt/lampp/htdocs/coisa/app/View/Objetos/index.ctp',
)
Request URL: /coisa/index.php/objetos.xml
Stack Trace:
#0 /opt/lampp/htdocs/coisa/lib/Cake/View/View.php(457): View->_getViewFileName(NULL)
#1 /opt/lampp/htdocs/coisa/lib/Cake/Controller/Controller.php(952): View->render(NULL, NULL)
#2 /opt/lampp/htdocs/coisa/lib/Cake/Routing/Dispatcher.php(192): Controller->render()
#3 /opt/lampp/htdocs/coisa/lib/Cake/Routing/Dispatcher.php(160): Dispatcher->_invoke(Object(ObjetosController), Object(CakeRequest), Object(CakeResponse))
#4 /opt/lampp/htdocs/coisa/app/webroot/index.php(108): Dispatcher->dispatch(Object(CakeRequest), Object(CakeResponse))
#5 /opt/lampp/htdocs/coisa/index.php(41): require('/opt/lampp/htdo...')
#6 {main}
2014-02-04 13:54:47 Error: [MissingControllerException] Controller class ImgController could not be found.
Exception Attributes: array (
  'class' => 'ImgController',
  'plugin' => NULL,
)
Request URL: /coisa/index.php/img/img/cake.power.gif
Stack Trace:
#0 /opt/lampp/htdocs/coisa/app/webroot/index.php(108): Dispatcher->dispatch(Object(CakeRequest), Object(CakeResponse))
#1 /opt/lampp/htdocs/coisa/index.php(41): require('/opt/lampp/htdo...')
#2 {main}
2014-02-04 13:54:47 Error: [MissingControllerException] Controller class CssController could not be found.
Exception Attributes: array (
  'class' => 'CssController',
  'plugin' => NULL,
)
Request URL: /coisa/index.php/css/css/cake.generic.css
Stack Trace:
#0 /opt/lampp/htdocs/coisa/app/webroot/index.php(108): Dispatcher->dispatch(Object(CakeRequest), Object(CakeResponse))
#1 /opt/lampp/htdocs/coisa/index.php(41): require('/opt/lampp/htdo...')
#2 {main}
2014-02-04 13:56:34 Error: [MissingViewException] View file "/opt/lampp/htdocs/coisa/app/View/Objetos/index.ctp" is missing.
Exception Attributes: array (
  'file' => '/opt/lampp/htdocs/coisa/app/View/Objetos/index.ctp',
)
Request URL: /coisa/index.php/objetos.xml
Stack Trace:
#0 /opt/lampp/htdocs/coisa/lib/Cake/View/View.php(457): View->_getViewFileName(NULL)
#1 /opt/lampp/htdocs/coisa/lib/Cake/Controller/Controller.php(952): View->render(NULL, NULL)
#2 /opt/lampp/htdocs/coisa/lib/Cake/Routing/Dispatcher.php(192): Controller->render()
#3 /opt/lampp/htdocs/coisa/lib/Cake/Routing/Dispatcher.php(160): Dispatcher->_invoke(Object(ObjetosController), Object(CakeRequest), Object(CakeResponse))
#4 /opt/lampp/htdocs/coisa/app/webroot/index.php(108): Dispatcher->dispatch(Object(CakeRequest), Object(CakeResponse))
#5 /opt/lampp/htdocs/coisa/index.php(41): require('/opt/lampp/htdo...')
#6 {main}
2014-02-04 13:56:34 Error: [MissingControllerException] Controller class CssController could not be found.
Exception Attributes: array (
  'class' => 'CssController',
  'plugin' => NULL,
)
Request URL: /coisa/index.php/css/css/cake.generic.css
Stack Trace:
#0 /opt/lampp/htdocs/coisa/app/webroot/index.php(108): Dispatcher->dispatch(Object(CakeRequest), Object(CakeResponse))
#1 /opt/lampp/htdocs/coisa/index.php(41): require('/opt/lampp/htdo...')
#2 {main}
2014-02-04 13:56:34 Error: [MissingControllerException] Controller class ImgController could not be found.
Exception Attributes: array (
  'class' => 'ImgController',
  'plugin' => NULL,
)
Request URL: /coisa/index.php/img/img/cake.power.gif
Stack Trace:
#0 /opt/lampp/htdocs/coisa/app/webroot/index.php(108): Dispatcher->dispatch(Object(CakeRequest), Object(CakeResponse))
#1 /opt/lampp/htdocs/coisa/index.php(41): require('/opt/lampp/htdo...')
#2 {main}
2014-02-04 13:56:35 Error: [MissingControllerException] Controller class FaviconController could not be found.
Exception Attributes: array (
  'class' => 'FaviconController',
  'plugin' => NULL,
)
Request URL: /coisa/index.php/favicon.ico
Stack Trace:
#0 /opt/lampp/htdocs/coisa/app/webroot/index.php(108): Dispatcher->dispatch(Object(CakeRequest), Object(CakeResponse))
#1 /opt/lampp/htdocs/coisa/index.php(41): require('/opt/lampp/htdo...')
#2 {main}
2014-02-04 13:56:48 Error: [MissingViewException] View file "/opt/lampp/htdocs/coisa/app/View/Objetos/index.ctp" is missing.
Exception Attributes: array (
  'file' => '/opt/lampp/htdocs/coisa/app/View/Objetos/index.ctp',
)
Request URL: /coisa/index.php/objetos.json
Stack Trace:
#0 /opt/lampp/htdocs/coisa/lib/Cake/View/View.php(457): View->_getViewFileName(NULL)
#1 /opt/lampp/htdocs/coisa/lib/Cake/Controller/Controller.php(952): View->render(NULL, NULL)
#2 /opt/lampp/htdocs/coisa/lib/Cake/Routing/Dispatcher.php(192): Controller->render()
#3 /opt/lampp/htdocs/coisa/lib/Cake/Routing/Dispatcher.php(160): Dispatcher->_invoke(Object(ObjetosController), Object(CakeRequest), Object(CakeResponse))
#4 /opt/lampp/htdocs/coisa/app/webroot/index.php(108): Dispatcher->dispatch(Object(CakeRequest), Object(CakeResponse))
#5 /opt/lampp/htdocs/coisa/index.php(41): require('/opt/lampp/htdo...')
#6 {main}
2014-02-04 13:56:48 Error: [MissingControllerException] Controller class CssController could not be found.
Exception Attributes: array (
  'class' => 'CssController',
  'plugin' => NULL,
)
Request URL: /coisa/index.php/css/css/cake.generic.css
Stack Trace:
#0 /opt/lampp/htdocs/coisa/app/webroot/index.php(108): Dispatcher->dispatch(Object(CakeRequest), Object(CakeResponse))
#1 /opt/lampp/htdocs/coisa/index.php(41): require('/opt/lampp/htdo...')
#2 {main}
2014-02-04 13:56:48 Error: [MissingControllerException] Controller class ImgController could not be found.
Exception Attributes: array (
  'class' => 'ImgController',
  'plugin' => NULL,
)
Request URL: /coisa/index.php/img/img/cake.power.gif
Stack Trace:
#0 /opt/lampp/htdocs/coisa/app/webroot/index.php(108): Dispatcher->dispatch(Object(CakeRequest), Object(CakeResponse))
#1 /opt/lampp/htdocs/coisa/index.php(41): require('/opt/lampp/htdo...')
#2 {main}
2014-02-04 13:56:48 Error: [MissingControllerException] Controller class ImgController could not be found.
Exception Attributes: array (
  'class' => 'ImgController',
  'plugin' => NULL,
)
Request URL: /coisa/index.php/img/img/cake.power.gif
Stack Trace:
#0 /opt/lampp/htdocs/coisa/app/webroot/index.php(108): Dispatcher->dispatch(Object(CakeRequest), Object(CakeResponse))
#1 /opt/lampp/htdocs/coisa/index.php(41): require('/opt/lampp/htdo...')
#2 {main}
2014-02-04 13:58:17 Error: [MissingViewException] View file "/opt/lampp/htdocs/coisa/app/View/Objetos/index.ctp" is missing.
Exception Attributes: array (
  'file' => '/opt/lampp/htdocs/coisa/app/View/Objetos/index.ctp',
)
Request URL: /coisa/index.php/objetos.json
Stack Trace:
#0 /opt/lampp/htdocs/coisa/lib/Cake/View/View.php(457): View->_getViewFileName(NULL)
#1 /opt/lampp/htdocs/coisa/lib/Cake/Controller/Controller.php(952): View->render(NULL, NULL)
#2 /opt/lampp/htdocs/coisa/lib/Cake/Routing/Dispatcher.php(192): Controller->render()
#3 /opt/lampp/htdocs/coisa/lib/Cake/Routing/Dispatcher.php(160): Dispatcher->_invoke(Object(ObjetosController), Object(CakeRequest), Object(CakeResponse))
#4 /opt/lampp/htdocs/coisa/app/webroot/index.php(108): Dispatcher->dispatch(Object(CakeRequest), Object(CakeResponse))
#5 /opt/lampp/htdocs/coisa/index.php(41): require('/opt/lampp/htdo...')
#6 {main}
2014-02-04 13:58:17 Error: [MissingControllerException] Controller class CssController could not be found.
Exception Attributes: array (
  'class' => 'CssController',
  'plugin' => NULL,
)
Request URL: /coisa/index.php/css/css/cake.generic.css
Stack Trace:
#0 /opt/lampp/htdocs/coisa/app/webroot/index.php(108): Dispatcher->dispatch(Object(CakeRequest), Object(CakeResponse))
#1 /opt/lampp/htdocs/coisa/index.php(41): require('/opt/lampp/htdo...')
#2 {main}
2014-02-04 13:58:17 Error: [MissingControllerException] Controller class ImgController could not be found.
Exception Attributes: array (
  'class' => 'ImgController',
  'plugin' => NULL,
)
Request URL: /coisa/index.php/img/img/cake.power.gif
Stack Trace:
#0 /opt/lampp/htdocs/coisa/app/webroot/index.php(108): Dispatcher->dispatch(Object(CakeRequest), Object(CakeResponse))
#1 /opt/lampp/htdocs/coisa/index.php(41): require('/opt/lampp/htdo...')
#2 {main}
2014-02-04 13:58:17 Error: [MissingControllerException] Controller class ImgController could not be found.
Exception Attributes: array (
  'class' => 'ImgController',
  'plugin' => NULL,
)
Request URL: /coisa/index.php/img/img/cake.power.gif
Stack Trace:
#0 /opt/lampp/htdocs/coisa/app/webroot/index.php(108): Dispatcher->dispatch(Object(CakeRequest), Object(CakeResponse))
#1 /opt/lampp/htdocs/coisa/index.php(41): require('/opt/lampp/htdo...')
#2 {main}
2014-02-04 13:58:17 Error: [MissingControllerException] Controller class FaviconController could not be found.
Exception Attributes: array (
  'class' => 'FaviconController',
  'plugin' => NULL,
)
Request URL: /coisa/index.php/favicon.ico
Stack Trace:
#0 /opt/lampp/htdocs/coisa/app/webroot/index.php(108): Dispatcher->dispatch(Object(CakeRequest), Object(CakeResponse))
#1 /opt/lampp/htdocs/coisa/index.php(41): require('/opt/lampp/htdo...')
#2 {main}
2014-02-04 14:07:22 Error: [MissingActionException] Action ObjetosController::add() could not be found.
Exception Attributes: array (
  'controller' => 'ObjetosController',
  'action' => 'add',
)
Request URL: /coisa/index.php/objetos.json
Stack Trace:
#0 /opt/lampp/htdocs/coisa/lib/Cake/Routing/Dispatcher.php(185): Controller->invokeAction(Object(CakeRequest))
#1 /opt/lampp/htdocs/coisa/lib/Cake/Routing/Dispatcher.php(160): Dispatcher->_invoke(Object(ObjetosController), Object(CakeRequest), Object(CakeResponse))
#2 /opt/lampp/htdocs/coisa/app/webroot/index.php(108): Dispatcher->dispatch(Object(CakeRequest), Object(CakeResponse))
#3 /opt/lampp/htdocs/coisa/index.php(41): require('/opt/lampp/htdo...')
#4 {main}
2014-02-04 14:08:51 Error: [PDOException] SQLSTATE[23000]: Integrity constraint violation: 1062 Duplicate entry '0' for key 'PRIMARY'
Request URL: /coisa/index.php/objetos.json
Stack Trace:
#0 /opt/lampp/htdocs/coisa/lib/Cake/Model/Datasource/DboSource.php(458): PDOStatement->execute(Array)
#1 /opt/lampp/htdocs/coisa/lib/Cake/Model/Datasource/DboSource.php(424): DboSource->_execute('INSERT INTO `co...', Array)
#2 /opt/lampp/htdocs/coisa/lib/Cake/Model/Datasource/DboSource.php(1003): DboSource->execute('INSERT INTO `co...')
#3 /opt/lampp/htdocs/coisa/lib/Cake/Model/Model.php(1830): DboSource->create(Object(Objeto), Array, Array)
#4 /opt/lampp/htdocs/coisa/app/Controller/ObjetosController.php(31): Model->save(Array)
#5 [internal function]: ObjetosController->add()
#6 /opt/lampp/htdocs/coisa/lib/Cake/Controller/Controller.php(490): ReflectionMethod->invokeArgs(Object(ObjetosController), Array)
#7 /opt/lampp/htdocs/coisa/lib/Cake/Routing/Dispatcher.php(185): Controller->invokeAction(Object(CakeRequest))
#8 /opt/lampp/htdocs/coisa/lib/Cake/Routing/Dispatcher.php(160): Dispatcher->_invoke(Object(ObjetosController), Object(CakeRequest), Object(CakeResponse))
#9 /opt/lampp/htdocs/coisa/app/webroot/index.php(108): Dispatcher->dispatch(Object(CakeRequest), Object(CakeResponse))
#10 /opt/lampp/htdocs/coisa/index.php(41): require('/opt/lampp/htdo...')
#11 {main}
2014-02-07 13:09:36 Error: Fatal Error (4): syntax error, unexpected 'if' (T_IF) in [/opt/lampp/htdocs/coisa/app/Controller/ObjetosController.php, line 32]
2014-02-07 13:09:36 Error: [FatalErrorException] syntax error, unexpected 'if' (T_IF)
Request URL: /coisa/index.php/objetos.json
Stack Trace:
#0 /opt/lampp/htdocs/coisa/lib/Cake/Error/ErrorHandler.php(203): ErrorHandler::handleFatalError(4, 'syntax error, u...', '/opt/lampp/htdo...', 32)
#1 [internal function]: ErrorHandler::handleError(4, 'syntax error, u...', '/opt/lampp/htdo...', 32, Array)
#2 /opt/lampp/htdocs/coisa/lib/Cake/Core/App.php(929): call_user_func('ErrorHandler::h...', 4, 'syntax error, u...', '/opt/lampp/htdo...', 32, Array)
#3 /opt/lampp/htdocs/coisa/lib/Cake/Core/App.php(902): App::_checkFatalError()
#4 [internal function]: App::shutdown()
#5 {main}
2014-02-07 13:10:22 Error: [PDOException] SQLSTATE[23000]: Integrity constraint violation: 1062 Duplicate entry '0' for key 'PRIMARY'
Request URL: /coisa/index.php/objetos.json
Stack Trace:
#0 /opt/lampp/htdocs/coisa/lib/Cake/Model/Datasource/DboSource.php(458): PDOStatement->execute(Array)
#1 /opt/lampp/htdocs/coisa/lib/Cake/Model/Datasource/DboSource.php(424): DboSource->_execute('INSERT INTO `co...', Array)
#2 /opt/lampp/htdocs/coisa/lib/Cake/Model/Datasource/DboSource.php(1003): DboSource->execute('INSERT INTO `co...')
#3 /opt/lampp/htdocs/coisa/lib/Cake/Model/Model.php(1830): DboSource->create(Object(Objeto), Array, Array)
#4 /opt/lampp/htdocs/coisa/app/Controller/ObjetosController.php(32): Model->save()
#5 [internal function]: ObjetosController->add()
#6 /opt/lampp/htdocs/coisa/lib/Cake/Controller/Controller.php(490): ReflectionMethod->invokeArgs(Object(ObjetosController), Array)
#7 /opt/lampp/htdocs/coisa/lib/Cake/Routing/Dispatcher.php(185): Controller->invokeAction(Object(CakeRequest))
#8 /opt/lampp/htdocs/coisa/lib/Cake/Routing/Dispatcher.php(160): Dispatcher->_invoke(Object(ObjetosController), Object(CakeRequest), Object(CakeResponse))
#9 /opt/lampp/htdocs/coisa/app/webroot/index.php(108): Dispatcher->dispatch(Object(CakeRequest), Object(CakeResponse))
#10 /opt/lampp/htdocs/coisa/index.php(41): require('/opt/lampp/htdo...')
#11 {main}
2014-02-07 13:23:16 Error: [BadRequestException] objeto
Request URL: /coisa/index.php/campos.json
Stack Trace:
#0 [internal function]: CamposController->index()
#1 /opt/lampp/htdocs/coisa/lib/Cake/Controller/Controller.php(490): ReflectionMethod->invokeArgs(Object(CamposController), Array)
#2 /opt/lampp/htdocs/coisa/lib/Cake/Routing/Dispatcher.php(185): Controller->invokeAction(Object(CakeRequest))
#3 /opt/lampp/htdocs/coisa/lib/Cake/Routing/Dispatcher.php(160): Dispatcher->_invoke(Object(CamposController), Object(CakeRequest), Object(CakeResponse))
#4 /opt/lampp/htdocs/coisa/app/webroot/index.php(108): Dispatcher->dispatch(Object(CakeRequest), Object(CakeResponse))
#5 /opt/lampp/htdocs/coisa/index.php(41): require('/opt/lampp/htdo...')
#6 {main}
2014-02-07 13:24:00 Error: [BadRequestException] objeto
Request URL: /coisa/index.php/campos.json?nome=Nome&id_objeto=1
Stack Trace:
#0 [internal function]: CamposController->index()
#1 /opt/lampp/htdocs/coisa/lib/Cake/Controller/Controller.php(490): ReflectionMethod->invokeArgs(Object(CamposController), Array)
#2 /opt/lampp/htdocs/coisa/lib/Cake/Routing/Dispatcher.php(185): Controller->invokeAction(Object(CakeRequest))
#3 /opt/lampp/htdocs/coisa/lib/Cake/Routing/Dispatcher.php(160): Dispatcher->_invoke(Object(CamposController), Object(CakeRequest), Object(CakeResponse))
#4 /opt/lampp/htdocs/coisa/app/webroot/index.php(108): Dispatcher->dispatch(Object(CakeRequest), Object(CakeResponse))
#5 /opt/lampp/htdocs/coisa/index.php(41): require('/opt/lampp/htdo...')
#6 {main}
2014-02-07 13:24:27 Error: [BadRequestException] objeto
Request URL: /coisa/index.php/campos.json?nome=Nome&id_objeto=1
Stack Trace:
#0 [internal function]: CamposController->index()
#1 /opt/lampp/htdocs/coisa/lib/Cake/Controller/Controller.php(490): ReflectionMethod->invokeArgs(Object(CamposController), Array)
#2 /opt/lampp/htdocs/coisa/lib/Cake/Routing/Dispatcher.php(185): Controller->invokeAction(Object(CakeRequest))
#3 /opt/lampp/htdocs/coisa/lib/Cake/Routing/Dispatcher.php(160): Dispatcher->_invoke(Object(CamposController), Object(CakeRequest), Object(CakeResponse))
#4 /opt/lampp/htdocs/coisa/app/webroot/index.php(108): Dispatcher->dispatch(Object(CakeRequest), Object(CakeResponse))
#5 /opt/lampp/htdocs/coisa/index.php(41): require('/opt/lampp/htdo...')
#6 {main}
2014-02-07 13:26:17 Error: [BadRequestException] objeto
Request URL: /coisa/index.php/campos.json?nome=Nome&id_objeto=1
Stack Trace:
#0 [internal function]: CamposController->index()
#1 /opt/lampp/htdocs/coisa/lib/Cake/Controller/Controller.php(490): ReflectionMethod->invokeArgs(Object(CamposController), Array)
#2 /opt/lampp/htdocs/coisa/lib/Cake/Routing/Dispatcher.php(185): Controller->invokeAction(Object(CakeRequest))
#3 /opt/lampp/htdocs/coisa/lib/Cake/Routing/Dispatcher.php(160): Dispatcher->_invoke(Object(CamposController), Object(CakeRequest), Object(CakeResponse))
#4 /opt/lampp/htdocs/coisa/app/webroot/index.php(108): Dispatcher->dispatch(Object(CakeRequest), Object(CakeResponse))
#5 /opt/lampp/htdocs/coisa/index.php(41): require('/opt/lampp/htdo...')
#6 {main}
2014-02-07 13:30:21 Error: [PDOException] SQLSTATE[42S22]: Column not found: 1054 Unknown column 'Campo.objeto_id' in 'on clause'
Request URL: /coisa/index.php/campos.json?nome=Nome&id_objeto=1
Stack Trace:
#0 /opt/lampp/htdocs/coisa/lib/Cake/Model/Datasource/DboSource.php(458): PDOStatement->execute(Array)
#1 /opt/lampp/htdocs/coisa/lib/Cake/Model/Datasource/DboSource.php(424): DboSource->_execute('SELECT `Campo`....', Array)
#2 /opt/lampp/htdocs/coisa/lib/Cake/Model/Datasource/DboSource.php(664): DboSource->execute('SELECT `Campo`....', Array, Array)
#3 /opt/lampp/htdocs/coisa/lib/Cake/Model/Datasource/DboSource.php(1076): DboSource->fetchAll('SELECT `Campo`....', false)
#4 /opt/lampp/htdocs/coisa/lib/Cake/Model/Model.php(2897): DboSource->read(Object(Campo), Array)
#5 /opt/lampp/htdocs/coisa/lib/Cake/Model/Model.php(2869): Model->_readDataSource('all', Array)
#6 /opt/lampp/htdocs/coisa/app/Controller/CamposController.php(22): Model->find('all', Array)
#7 [internal function]: CamposController->index()
#8 /opt/lampp/htdocs/coisa/lib/Cake/Controller/Controller.php(490): ReflectionMethod->invokeArgs(Object(CamposController), Array)
#9 /opt/lampp/htdocs/coisa/lib/Cake/Routing/Dispatcher.php(185): Controller->invokeAction(Object(CakeRequest))
#10 /opt/lampp/htdocs/coisa/lib/Cake/Routing/Dispatcher.php(160): Dispatcher->_invoke(Object(CamposController), Object(CakeRequest), Object(CakeResponse))
#11 /opt/lampp/htdocs/coisa/app/webroot/index.php(108): Dispatcher->dispatch(Object(CakeRequest), Object(CakeResponse))
#12 /opt/lampp/htdocs/coisa/index.php(41): require('/opt/lampp/htdo...')
#13 {main}
2014-02-07 13:31:20 Error: [PDOException] SQLSTATE[42S22]: Column not found: 1054 Unknown column 'id_objeto' in 'where clause'
Request URL: /coisa/index.php/campos.json?nome=Nome&id_objeto=1
Stack Trace:
#0 /opt/lampp/htdocs/coisa/lib/Cake/Model/Datasource/DboSource.php(458): PDOStatement->execute(Array)
#1 /opt/lampp/htdocs/coisa/lib/Cake/Model/Datasource/DboSource.php(424): DboSource->_execute('SELECT `Campo`....', Array)
#2 /opt/lampp/htdocs/coisa/lib/Cake/Model/Datasource/DboSource.php(664): DboSource->execute('SELECT `Campo`....', Array, Array)
#3 /opt/lampp/htdocs/coisa/lib/Cake/Model/Datasource/DboSource.php(1076): DboSource->fetchAll('SELECT `Campo`....', false)
#4 /opt/lampp/htdocs/coisa/lib/Cake/Model/Model.php(2897): DboSource->read(Object(Campo), Array)
#5 /opt/lampp/htdocs/coisa/lib/Cake/Model/Model.php(2869): Model->_readDataSource('all', Array)
#6 /opt/lampp/htdocs/coisa/app/Controller/CamposController.php(22): Model->find('all', Array)
#7 [internal function]: CamposController->index()
#8 /opt/lampp/htdocs/coisa/lib/Cake/Controller/Controller.php(490): ReflectionMethod->invokeArgs(Object(CamposController), Array)
#9 /opt/lampp/htdocs/coisa/lib/Cake/Routing/Dispatcher.php(185): Controller->invokeAction(Object(CakeRequest))
#10 /opt/lampp/htdocs/coisa/lib/Cake/Routing/Dispatcher.php(160): Dispatcher->_invoke(Object(CamposController), Object(CakeRequest), Object(CakeResponse))
#11 /opt/lampp/htdocs/coisa/app/webroot/index.php(108): Dispatcher->dispatch(Object(CakeRequest), Object(CakeResponse))
#12 /opt/lampp/htdocs/coisa/index.php(41): require('/opt/lampp/htdo...')
#13 {main}
2014-02-10 09:53:55 Error: [BadRequestException] objeto
Request URL: /bricks/index.php/campos.json
Stack Trace:
#0 [internal function]: CamposController->index()
#1 /opt/lampp/htdocs/bricks/lib/Cake/Controller/Controller.php(490): ReflectionMethod->invokeArgs(Object(CamposController), Array)
#2 /opt/lampp/htdocs/bricks/lib/Cake/Routing/Dispatcher.php(185): Controller->invokeAction(Object(CakeRequest))
#3 /opt/lampp/htdocs/bricks/lib/Cake/Routing/Dispatcher.php(160): Dispatcher->_invoke(Object(CamposController), Object(CakeRequest), Object(CakeResponse))
#4 /opt/lampp/htdocs/bricks/app/webroot/index.php(108): Dispatcher->dispatch(Object(CakeRequest), Object(CakeResponse))
#5 /opt/lampp/htdocs/bricks/index.php(41): require('/opt/lampp/htdo...')
#6 {main}
2014-02-10 09:54:41 Error: [PDOException] SQLSTATE[42S22]: Column not found: 1054 Unknown column 'Valor.campo_objeto_id' in 'field list'
Request URL: /bricks/index.php/campos.json?objeto_id=1
Stack Trace:
#0 /opt/lampp/htdocs/bricks/lib/Cake/Model/Datasource/DboSource.php(458): PDOStatement->execute(Array)
#1 /opt/lampp/htdocs/bricks/lib/Cake/Model/Datasource/DboSource.php(424): DboSource->_execute('SELECT `Valor`....', Array)
#2 /opt/lampp/htdocs/bricks/lib/Cake/Model/Datasource/DboSource.php(664): DboSource->execute('SELECT `Valor`....', Array, Array)
#3 /opt/lampp/htdocs/bricks/lib/Cake/Model/Datasource/DboSource.php(1338): DboSource->fetchAll('SELECT `Valor`....', false)
#4 /opt/lampp/htdocs/bricks/lib/Cake/Model/Datasource/DboSource.php(1200): DboSource->fetchAssociated(Object(Campo), 'SELECT `Valor`....', Array)
#5 /opt/lampp/htdocs/bricks/lib/Cake/Model/Datasource/DboSource.php(1111): DboSource->queryAssociation(Object(Campo), Object(Valor), 'hasMany', 'Valor', Array, Array, true, Array, 0, Array)
#6 /opt/lampp/htdocs/bricks/lib/Cake/Model/Model.php(2897): DboSource->read(Object(Campo), Array)
#7 /opt/lampp/htdocs/bricks/lib/Cake/Model/Model.php(2869): Model->_readDataSource('all', Array)
#8 /opt/lampp/htdocs/bricks/app/Controller/CamposController.php(22): Model->find('all', Array)
#9 [internal function]: CamposController->index()
#10 /opt/lampp/htdocs/bricks/lib/Cake/Controller/Controller.php(490): ReflectionMethod->invokeArgs(Object(CamposController), Array)
#11 /opt/lampp/htdocs/bricks/lib/Cake/Routing/Dispatcher.php(185): Controller->invokeAction(Object(CakeRequest))
#12 /opt/lampp/htdocs/bricks/lib/Cake/Routing/Dispatcher.php(160): Dispatcher->_invoke(Object(CamposController), Object(CakeRequest), Object(CakeResponse))
#13 /opt/lampp/htdocs/bricks/app/webroot/index.php(108): Dispatcher->dispatch(Object(CakeRequest), Object(CakeResponse))
#14 /opt/lampp/htdocs/bricks/index.php(41): require('/opt/lampp/htdo...')
#15 {main}
2014-02-10 09:59:26 Error: [PDOException] SQLSTATE[42S22]: Column not found: 1054 Unknown column 'Valor.campo_objeto_id' in 'field list'
Request URL: /bricks/index.php/campos.json?objeto_id=1
Stack Trace:
#0 /opt/lampp/htdocs/bricks/lib/Cake/Model/Datasource/DboSource.php(458): PDOStatement->execute(Array)
#1 /opt/lampp/htdocs/bricks/lib/Cake/Model/Datasource/DboSource.php(424): DboSource->_execute('SELECT `Valor`....', Array)
#2 /opt/lampp/htdocs/bricks/lib/Cake/Model/Datasource/DboSource.php(664): DboSource->execute('SELECT `Valor`....', Array, Array)
#3 /opt/lampp/htdocs/bricks/lib/Cake/Model/Datasource/DboSource.php(1338): DboSource->fetchAll('SELECT `Valor`....', false)
#4 /opt/lampp/htdocs/bricks/lib/Cake/Model/Datasource/DboSource.php(1200): DboSource->fetchAssociated(Object(Campo), 'SELECT `Valor`....', Array)
#5 /opt/lampp/htdocs/bricks/lib/Cake/Model/Datasource/DboSource.php(1111): DboSource->queryAssociation(Object(Campo), Object(Valor), 'hasMany', 'Valor', Array, Array, true, Array, 0, Array)
#6 /opt/lampp/htdocs/bricks/lib/Cake/Model/Model.php(2897): DboSource->read(Object(Campo), Array)
#7 /opt/lampp/htdocs/bricks/lib/Cake/Model/Model.php(2869): Model->_readDataSource('all', Array)
#8 /opt/lampp/htdocs/bricks/app/Controller/CamposController.php(22): Model->find('all', Array)
#9 [internal function]: CamposController->index()
#10 /opt/lampp/htdocs/bricks/lib/Cake/Controller/Controller.php(490): ReflectionMethod->invokeArgs(Object(CamposController), Array)
#11 /opt/lampp/htdocs/bricks/lib/Cake/Routing/Dispatcher.php(185): Controller->invokeAction(Object(CakeRequest))
#12 /opt/lampp/htdocs/bricks/lib/Cake/Routing/Dispatcher.php(160): Dispatcher->_invoke(Object(CamposController), Object(CakeRequest), Object(CakeResponse))
#13 /opt/lampp/htdocs/bricks/app/webroot/index.php(108): Dispatcher->dispatch(Object(CakeRequest), Object(CakeResponse))
#14 /opt/lampp/htdocs/bricks/index.php(41): require('/opt/lampp/htdo...')
#15 {main}
2014-02-10 10:19:33 Error: [PDOException] SQLSTATE[42S22]: Column not found: 1054 Unknown column 'Valor.campo_id' in 'on clause'
Request URL: /bricks/index.php/valores.json?campo_objeto_id=1
Stack Trace:
#0 /opt/lampp/htdocs/bricks/lib/Cake/Model/Datasource/DboSource.php(458): PDOStatement->execute(Array)
#1 /opt/lampp/htdocs/bricks/lib/Cake/Model/Datasource/DboSource.php(424): DboSource->_execute('SELECT `Valor`....', Array)
#2 /opt/lampp/htdocs/bricks/lib/Cake/Model/Datasource/DboSource.php(664): DboSource->execute('SELECT `Valor`....', Array, Array)
#3 /opt/lampp/htdocs/bricks/lib/Cake/Model/Datasource/DboSource.php(1076): DboSource->fetchAll('SELECT `Valor`....', false)
#4 /opt/lampp/htdocs/bricks/lib/Cake/Model/Model.php(2897): DboSource->read(Object(Valor), Array)
#5 /opt/lampp/htdocs/bricks/lib/Cake/Model/Model.php(2869): Model->_readDataSource('all', Array)
#6 /opt/lampp/htdocs/bricks/app/Controller/ValoresController.php(22): Model->find('all', Array)
#7 [internal function]: ValoresController->index()
#8 /opt/lampp/htdocs/bricks/lib/Cake/Controller/Controller.php(490): ReflectionMethod->invokeArgs(Object(ValoresController), Array)
#9 /opt/lampp/htdocs/bricks/lib/Cake/Routing/Dispatcher.php(185): Controller->invokeAction(Object(CakeRequest))
#10 /opt/lampp/htdocs/bricks/lib/Cake/Routing/Dispatcher.php(160): Dispatcher->_invoke(Object(ValoresController), Object(CakeRequest), Object(CakeResponse))
#11 /opt/lampp/htdocs/bricks/app/webroot/index.php(108): Dispatcher->dispatch(Object(CakeRequest), Object(CakeResponse))
#12 /opt/lampp/htdocs/bricks/index.php(41): require('/opt/lampp/htdo...')
#13 {main}
2014-02-10 10:25:03 Error: [MissingTableException] Table campo_objeto for model Campo was not found in datasource default.
Exception Attributes: array (
  'table' => 'campo_objeto',
  'class' => 'Campo',
  'ds' => 'default',
)
Request URL: /bricks/index.php/valores.json?campo_objeto_id=1
Stack Trace:
#0 /opt/lampp/htdocs/bricks/lib/Cake/Model/Model.php(3493): Model->setSource('campo_objeto')
#1 /opt/lampp/htdocs/bricks/lib/Cake/Model/Datasource/DboSource.php(1062): Model->getDataSource()
#2 /opt/lampp/htdocs/bricks/lib/Cake/Model/Model.php(2897): DboSource->read(Object(Valor), Array)
#3 /opt/lampp/htdocs/bricks/lib/Cake/Model/Model.php(2869): Model->_readDataSource('all', Array)
#4 /opt/lampp/htdocs/bricks/app/Controller/ValoresController.php(22): Model->find('all', Array)
#5 [internal function]: ValoresController->index()
#6 /opt/lampp/htdocs/bricks/lib/Cake/Controller/Controller.php(490): ReflectionMethod->invokeArgs(Object(ValoresController), Array)
#7 /opt/lampp/htdocs/bricks/lib/Cake/Routing/Dispatcher.php(185): Controller->invokeAction(Object(CakeRequest))
#8 /opt/lampp/htdocs/bricks/lib/Cake/Routing/Dispatcher.php(160): Dispatcher->_invoke(Object(ValoresController), Object(CakeRequest), Object(CakeResponse))
#9 /opt/lampp/htdocs/bricks/app/webroot/index.php(108): Dispatcher->dispatch(Object(CakeRequest), Object(CakeResponse))
#10 /opt/lampp/htdocs/bricks/index.php(41): require('/opt/lampp/htdo...')
#11 {main}
2014-02-10 10:25:19 Error: [PDOException] SQLSTATE[42S22]: Column not found: 1054 Unknown column 'campo_objeto_id' in 'where clause'
Request URL: /bricks/index.php/valores.json?campo_objeto_id=1
Stack Trace:
#0 /opt/lampp/htdocs/bricks/lib/Cake/Model/Datasource/DboSource.php(458): PDOStatement->execute(Array)
#1 /opt/lampp/htdocs/bricks/lib/Cake/Model/Datasource/DboSource.php(424): DboSource->_execute('SELECT `Valor`....', Array)
#2 /opt/lampp/htdocs/bricks/lib/Cake/Model/Datasource/DboSource.php(664): DboSource->execute('SELECT `Valor`....', Array, Array)
#3 /opt/lampp/htdocs/bricks/lib/Cake/Model/Datasource/DboSource.php(1076): DboSource->fetchAll('SELECT `Valor`....', false)
#4 /opt/lampp/htdocs/bricks/lib/Cake/Model/Model.php(2897): DboSource->read(Object(Valor), Array)
#5 /opt/lampp/htdocs/bricks/lib/Cake/Model/Model.php(2869): Model->_readDataSource('all', Array)
#6 /opt/lampp/htdocs/bricks/app/Controller/ValoresController.php(22): Model->find('all', Array)
#7 [internal function]: ValoresController->index()
#8 /opt/lampp/htdocs/bricks/lib/Cake/Controller/Controller.php(490): ReflectionMethod->invokeArgs(Object(ValoresController), Array)
#9 /opt/lampp/htdocs/bricks/lib/Cake/Routing/Dispatcher.php(185): Controller->invokeAction(Object(CakeRequest))
#10 /opt/lampp/htdocs/bricks/lib/Cake/Routing/Dispatcher.php(160): Dispatcher->_invoke(Object(ValoresController), Object(CakeRequest), Object(CakeResponse))
#11 /opt/lampp/htdocs/bricks/app/webroot/index.php(108): Dispatcher->dispatch(Object(CakeRequest), Object(CakeResponse))
#12 /opt/lampp/htdocs/bricks/index.php(41): require('/opt/lampp/htdo...')
#13 {main}
2014-02-10 10:27:07 Error: [BadRequestException] valor
Request URL: /bricks/index.php/valores.json?campo_objeto_id=1
Stack Trace:
#0 [internal function]: ValoresController->index()
#1 /opt/lampp/htdocs/bricks/lib/Cake/Controller/Controller.php(490): ReflectionMethod->invokeArgs(Object(ValoresController), Array)
#2 /opt/lampp/htdocs/bricks/lib/Cake/Routing/Dispatcher.php(185): Controller->invokeAction(Object(CakeRequest))
#3 /opt/lampp/htdocs/bricks/lib/Cake/Routing/Dispatcher.php(160): Dispatcher->_invoke(Object(ValoresController), Object(CakeRequest), Object(CakeResponse))
#4 /opt/lampp/htdocs/bricks/app/webroot/index.php(108): Dispatcher->dispatch(Object(CakeRequest), Object(CakeResponse))
#5 /opt/lampp/htdocs/bricks/index.php(41): require('/opt/lampp/htdo...')
#6 {main}
